<?xml version="1.0" encoding="UTF-8"?>
<testng-results ignored="0" total="1" passed="1" failed="0" skipped="0">
  <reporter-output>
  </reporter-output>
  <suite started-at="2022-04-28T00:33:49 EEST" name="Default Suite" finished-at="2022-04-28T00:33:52 EEST" duration-ms="2959">
    <groups>
    </groups>
    <test started-at="2022-04-28T00:33:49 EEST" name="MAF" finished-at="2022-04-28T00:33:52 EEST" duration-ms="2959">
      <class name="APtest">
        <test-method signature="test1()[pri:0, instance:APtest@a1153bc]" started-at="2022-04-28T00:33:49 EEST" name="test1" finished-at="2022-04-28T00:33:52 EEST" duration-ms="2904" status="PASS">
          <reporter-output>
          </reporter-output>
        </test-method> <!-- test1 -->
      </class> <!-- APtest -->
    </test> <!-- MAF -->
  </suite> <!-- Default Suite -->
</testng-results>
